#
# A fatal error has been detected by the Java Runtime Environment:
#
#  EXCEPTION_UNCAUGHT_CXX_EXCEPTION (0xe06d7363) at pc=0x00007ffe22d9a388, pid=3416, tid=0x00000000000028cc
#
# JRE version: Java(TM) SE Runtime Environment (8.0_191-b12) (build 1.8.0_191-b12)
# Java VM: Java HotSpot(TM) 64-Bit Server VM (25.191-b12 mixed mode windows-amd64 compressed oops)
# Problematic frame:
# C  [KERNELBASE.dll+0x3a388]
#
# Failed to write core dump. Minidumps are not enabled by default on client versions of Windows
#
# If you would like to submit a bug report, please visit:
#   http://bugreport.java.com/bugreport/crash.jsp
#

---------------  T H R E A D  ---------------

Current thread (0x0000000017c29800):  VMThread [stack: 0x00000000198f0000,0x00000000199f0000] [id=10444]

siginfo: ExceptionCode=0xe06d7363, ExceptionInformation=0x0000000019930520 0x00000000199ef560 0x0000000180060860 0x0000000180000000 

Registers:
RAX=0x0000000000000000, RBX=0x0000000180060860, RCX=0x0000000000000080, RDX=0x0000000000000048
RSP=0x00000000199ef3f0, RBP=0x00000000199ef530, RSI=0x0000000000000001, RDI=0x00000000199ef560
R8 =0x0000000000000000, R9 =0x0000000000e1f3c0, R10=0x0000000000000000, R11=0x0000000000d9030c
R12=0x0000000000e17628, R13=0x0000000000e175e0, R14=0x0000000000e17610, R15=0x0000000000000000
RIP=0x00007ffe22d9a388, EFLAGS=0x0000000000000202

Top of Stack: (sp=0x00000000199ef3f0)
0x00000000199ef3f0:   0000000000000000 0000000180060860
0x00000000199ef400:   0000000000000001 00000000199ef560
0x00000000199ef410:   00000001e06d7363 0000000000000000
0x00000000199ef420:   00007ffe22d9a388 00007ffe00000004
0x00000000199ef430:   0000000019930520 00000000199ef560
0x00000000199ef440:   0000000180060860 0000000180000000
0x00000000199ef450:   0000000000e17610 0000000000e17628
0x00000000199ef460:   00000000199ef560 0000000000000001
0x00000000199ef470:   00000000199ef530 00007ffe25e50f6f
0x00000000199ef480:   00000000199ef540 0000000000000000
0x00000000199ef490:   0000000000000000 00007ffe15e2ebf6
0x00000000199ef4a0:   0000000180076000 0000000180000000
0x00000000199ef4b0:   0000697be581ca24 00001683ba7b2bef
0x00000000199ef4c0:   0000000180060860 00007ffe15e5ef53
0x00000000199ef4d0:   00007ffe15edc4a0 0000000000000001
0x00000000199ef4e0:   00000000199ef548 0000000000000001 

Instructions: (pc=0x00007ffe22d9a388)
0x00007ffe22d9a368:   49 8b d1 44 0f 47 c0 44 89 44 24 38 49 c1 e0 03
0x00007ffe22d9a378:   e8 ba 46 04 00 48 8d 4c 24 20 ff 15 d0 82 14 00
0x00007ffe22d9a388:   48 8b 8c 24 c0 00 00 00 48 33 cc e8 f8 05 04 00
0x00007ffe22d9a398:   48 81 c4 d8 00 00 00 c3 83 64 24 38 00 eb d6 cc 


Register to memory mapping:

RAX=0x0000000000000000 is an unknown value
RBX=0x0000000180060860 is an unknown value
RCX=0x0000000000000080 is an unknown value
RDX=0x0000000000000048 is an unknown value
RSP=0x00000000199ef3f0 is an unknown value
RBP=0x00000000199ef530 is an unknown value
RSI=0x0000000000000001 is an unknown value
RDI=0x00000000199ef560 is an unknown value
R8 =0x0000000000000000 is an unknown value
R9 =0x0000000000e1f3c0 is an unknown value
R10=0x0000000000000000 is an unknown value
R11=0x0000000000d9030c is an unknown value
R12=0x0000000000e17628 is an unknown value
R13=0x0000000000e175e0 is an unknown value
R14=0x0000000000e17610 is an unknown value
R15=0x0000000000000000 is an unknown value


Stack: [0x00000000198f0000,0x00000000199f0000],  sp=0x00000000199ef3f0,  free space=1020k
Native frames: (J=compiled Java code, j=interpreted, Vv=VM code, C=native code)
C  [KERNELBASE.dll+0x3a388]
C  [MSVCR120.dll+0x5ef53]
C  [pteidlibj.dll+0x38aa4]
C  [pteidlibj.dll+0x223c8]
C  [pteidlibj.dll+0x2264a]
C  [ntdll.dll+0x3b583]
C  [ntdll.dll+0x47f85]
C  [ntdll.dll+0x47e48]
C  [KERNEL32.DLL+0x1ca7a]
C  [msvcr100.dll+0x20ccd]
V  [jvm.dll+0x213e05]
V  [jvm.dll+0x24d0c7]
V  [jvm.dll+0x24c366]
V  [jvm.dll+0x24c801]
V  [jvm.dll+0x24ca1e]
V  [jvm.dll+0x29eb9a]
C  [msvcr100.dll+0x21d9f]
C  [msvcr100.dll+0x21e3b]
C  [KERNEL32.DLL+0x14034]
C  [ntdll.dll+0x73691]

VM_Operation (0x000000001f08eb00): Exit, mode: safepoint, requested by thread 0x000000001c9d8000


---------------  P R O C E S S  ---------------

Java Threads: ( => current thread )
  0x000000001c9d8000 JavaThread "main" [_thread_blocked, id=14036, stack(0x000000001ef90000,0x000000001f090000)]
  0x0000000019aac800 JavaThread "Service Thread" daemon [_thread_blocked, id=12968, stack(0x000000001a6e0000,0x000000001a7e0000)]
  0x0000000019a24800 JavaThread "C1 CompilerThread3" daemon [_thread_blocked, id=8704, stack(0x000000001a5e0000,0x000000001a6e0000)]
  0x0000000019a1f000 JavaThread "C2 CompilerThread2" daemon [_thread_blocked, id=13652, stack(0x000000001a4e0000,0x000000001a5e0000)]
  0x0000000019a1d000 JavaThread "C2 CompilerThread1" daemon [_thread_blocked, id=9892, stack(0x000000001a3e0000,0x000000001a4e0000)]
  0x0000000019a1a000 JavaThread "C2 CompilerThread0" daemon [_thread_blocked, id=10352, stack(0x000000001a2e0000,0x000000001a3e0000)]
  0x0000000019a18800 JavaThread "Attach Listener" daemon [_thread_blocked, id=10276, stack(0x000000001a1e0000,0x000000001a2e0000)]
  0x0000000019a17000 JavaThread "Signal Dispatcher" daemon [_thread_blocked, id=2312, stack(0x000000001a0e0000,0x000000001a1e0000)]
  0x0000000002ca8000 JavaThread "Finalizer" daemon [_thread_blocked, id=7216, stack(0x0000000019ef0000,0x0000000019ff0000)]
  0x0000000019a10800 JavaThread "Reference Handler" daemon [_thread_blocked, id=8872, stack(0x0000000019df0000,0x0000000019ef0000)]
  0x0000000002bb2800 JavaThread "main" [_thread_blocked, id=9564, stack(0x0000000002ab0000,0x0000000002bb0000)]

Other Threads:
=>0x0000000017c29800 VMThread [stack: 0x00000000198f0000,0x00000000199f0000] [id=10444]

VM state:at safepoint (shutting down)

VM Mutex/Monitor currently owned by a thread:  ([mutex/lock_event])
[0x000000000125d5f0] Threads_lock - owner thread: 0x0000000017c29800

Heap:
 PSYoungGen      total 132608K, used 70770K [0x00000000d5f00000, 0x00000000df000000, 0x0000000100000000)
  eden space 119808K, 48% used [0x00000000d5f00000,0x00000000d97b5070,0x00000000dd400000)
  from space 12800K, 99% used [0x00000000ddb00000,0x00000000de767890,0x00000000de780000)
  to   space 8704K, 0% used [0x00000000de780000,0x00000000de780000,0x00000000df000000)
 ParOldGen       total 76800K, used 15789K [0x0000000081c00000, 0x0000000086700000, 0x00000000d5f00000)
  object space 76800K, 20% used [0x0000000081c00000,0x0000000082b6b4d8,0x0000000086700000)
 Metaspace       used 25412K, capacity 26132K, committed 26368K, reserved 1073152K
  class space    used 2990K, capacity 3218K, committed 3328K, reserved 1048576K

Card table byte_map: [0x0000000012070000,0x0000000012470000] byte_map_base: 0x0000000011c62000

Marking Bits: (ParMarkBitMap*) 0x00000000729e3e30
 Begin Bits: [0x0000000012f20000, 0x0000000014eb0000)
 End Bits:   [0x0000000014eb0000, 0x0000000016e40000)

Polling page: 0x0000000000d80000

CodeCache: size=245760Kb used=14034Kb max_used=14084Kb free=231725Kb
 bounds [0x0000000002cb0000, 0x0000000003a80000, 0x0000000011cb0000]
 total_blobs=4393 nmethods=3934 adapters=371
 compilation: enabled

Compilation events (10 events):
Event: 6.260 Thread 0x0000000019a24800 nmethod 4546 0x0000000003a53d90 code [0x0000000003a53ee0, 0x0000000003a53ff0]
Event: 6.260 Thread 0x0000000019a24800 4547       1       java.util.Calendar::getMinimalDaysInFirstWeek (5 bytes)
Event: 6.260 Thread 0x0000000019a24800 nmethod 4547 0x0000000003a53ad0 code [0x0000000003a53c20, 0x0000000003a53d30]
Event: 6.260 Thread 0x0000000019a24800 4548       1       java.util.Calendar::getZone (5 bytes)
Event: 6.260 Thread 0x0000000019a24800 nmethod 4548 0x0000000003a53810 code [0x0000000003a53960, 0x0000000003a53a70]
Event: 6.261 Thread 0x0000000019a24800 4549       3       sun.util.calendar.Gregorian::newCalendarDate (9 bytes)
Event: 6.262 Thread 0x0000000019a24800 nmethod 4549 0x0000000003a53350 code [0x0000000003a534c0, 0x0000000003a53708]
Event: 6.262 Thread 0x0000000019a24800 4550       3       sun.util.calendar.Gregorian$Date::<init> (6 bytes)
Event: 6.262 Thread 0x0000000019a24800 nmethod 4550 0x0000000003a52e10 code [0x0000000003a52f80, 0x0000000003a53230]
Event: 6.264 Thread 0x0000000019a24800 4551       1       java.util.logging.Logger::getName (5 bytes)

GC Heap History (10 events):
Event: 1.510 GC heap before
{Heap before GC invocations=4 (full 0):
 PSYoungGen      total 38400K, used 38368K [0x00000000d5f00000, 0x00000000daa00000, 0x0000000100000000)
  eden space 33280K, 100% used [0x00000000d5f00000,0x00000000d7f80000,0x00000000d7f80000)
  from space 5120K, 99% used [0x00000000d7f80000,0x00000000d8478020,0x00000000d8480000)
  to   space 5120K, 0% used [0x00000000da500000,0x00000000da500000,0x00000000daa00000)
 ParOldGen       total 87552K, used 5099K [0x0000000081c00000, 0x0000000087180000, 0x00000000d5f00000)
  object space 87552K, 5% used [0x0000000081c00000,0x00000000820faca8,0x0000000087180000)
 Metaspace       used 16786K, capacity 17124K, committed 17280K, reserved 1064960K
  class space    used 2002K, capacity 2106K, committed 2176K, reserved 1048576K
Event: 1.518 GC heap after
Heap after GC invocations=4 (full 0):
 PSYoungGen      total 71680K, used 5104K [0x00000000d5f00000, 0x00000000daa00000, 0x0000000100000000)
  eden space 66560K, 0% used [0x00000000d5f00000,0x00000000d5f00000,0x00000000da000000)
  from space 5120K, 99% used [0x00000000da500000,0x00000000da9fc030,0x00000000daa00000)
  to   space 5120K, 0% used [0x00000000da000000,0x00000000da000000,0x00000000da500000)
 ParOldGen       total 87552K, used 10280K [0x0000000081c00000, 0x0000000087180000, 0x00000000d5f00000)
  object space 87552K, 11% used [0x0000000081c00000,0x000000008260a190,0x0000000087180000)
 Metaspace       used 16786K, capacity 17124K, committed 17280K, reserved 1064960K
  class space    used 2002K, capacity 2106K, committed 2176K, reserved 1048576K
}
Event: 2.260 GC heap before
{Heap before GC invocations=5 (full 0):
 PSYoungGen      total 71680K, used 38472K [0x00000000d5f00000, 0x00000000daa00000, 0x0000000100000000)
  eden space 66560K, 50% used [0x00000000d5f00000,0x00000000d7f96310,0x00000000da000000)
  from space 5120K, 99% used [0x00000000da500000,0x00000000da9fc030,0x00000000daa00000)
  to   space 5120K, 0% used [0x00000000da000000,0x00000000da000000,0x00000000da500000)
 ParOldGen       total 87552K, used 10280K [0x0000000081c00000, 0x0000000087180000, 0x00000000d5f00000)
  object space 87552K, 11% used [0x0000000081c00000,0x000000008260a190,0x0000000087180000)
 Metaspace       used 20866K, capacity 21142K, committed 21296K, reserved 1069056K
  class space    used 2512K, capacity 2671K, committed 2688K, reserved 1048576K
Event: 2.270 GC heap after
Heap after GC invocations=5 (full 0):
 PSYoungGen      total 71680K, used 5088K [0x00000000d5f00000, 0x00000000dfa00000, 0x0000000100000000)
  eden space 66560K, 0% used [0x00000000d5f00000,0x00000000d5f00000,0x00000000da000000)
  from space 5120K, 99% used [0x00000000da000000,0x00000000da4f8010,0x00000000da500000)
  to   space 12800K, 0% used [0x00000000ded80000,0x00000000ded80000,0x00000000dfa00000)
 ParOldGen       total 87552K, used 15728K [0x0000000081c00000, 0x0000000087180000, 0x00000000d5f00000)
  object space 87552K, 17% used [0x0000000081c00000,0x0000000082b5c3d8,0x0000000087180000)
 Metaspace       used 20866K, capacity 21142K, committed 21296K, reserved 1069056K
  class space    used 2512K, capacity 2671K, committed 2688K, reserved 1048576K
}
Event: 2.270 GC heap before
{Heap before GC invocations=6 (full 1):
 PSYoungGen      total 71680K, used 5088K [0x00000000d5f00000, 0x00000000dfa00000, 0x0000000100000000)
  eden space 66560K, 0% used [0x00000000d5f00000,0x00000000d5f00000,0x00000000da000000)
  from space 5120K, 99% used [0x00000000da000000,0x00000000da4f8010,0x00000000da500000)
  to   space 12800K, 0% used [0x00000000ded80000,0x00000000ded80000,0x00000000dfa00000)
 ParOldGen       total 87552K, used 15728K [0x0000000081c00000, 0x0000000087180000, 0x00000000d5f00000)
  object space 87552K, 17% used [0x0000000081c00000,0x0000000082b5c3d8,0x0000000087180000)
 Metaspace       used 20866K, capacity 21142K, committed 21296K, reserved 1069056K
  class space    used 2512K, capacity 2671K, committed 2688K, reserved 1048576K
Event: 2.320 GC heap after
Heap after GC invocations=6 (full 1):
 PSYoungGen      total 71680K, used 0K [0x00000000d5f00000, 0x00000000dfa00000, 0x0000000100000000)
  eden space 66560K, 0% used [0x00000000d5f00000,0x00000000d5f00000,0x00000000da000000)
  from space 5120K, 0% used [0x00000000da000000,0x00000000da000000,0x00000000da500000)
  to   space 12800K, 0% used [0x00000000ded80000,0x00000000ded80000,0x00000000dfa00000)
 ParOldGen       total 76800K, used 15773K [0x0000000081c00000, 0x0000000086700000, 0x00000000d5f00000)
  object space 76800K, 20% used [0x0000000081c00000,0x0000000082b674d8,0x0000000086700000)
 Metaspace       used 20866K, capacity 21142K, committed 21296K, reserved 1069056K
  class space    used 2512K, capacity 2671K, committed 2688K, reserved 1048576K
}
Event: 4.598 GC heap before
{Heap before GC invocations=7 (full 1):
 PSYoungGen      total 71680K, used 66560K [0x00000000d5f00000, 0x00000000dfa00000, 0x0000000100000000)
  eden space 66560K, 100% used [0x00000000d5f00000,0x00000000da000000,0x00000000da000000)
  from space 5120K, 0% used [0x00000000da000000,0x00000000da000000,0x00000000da500000)
  to   space 12800K, 0% used [0x00000000ded80000,0x00000000ded80000,0x00000000dfa00000)
 ParOldGen       total 76800K, used 15773K [0x0000000081c00000, 0x0000000086700000, 0x00000000d5f00000)
  object space 76800K, 20% used [0x0000000081c00000,0x0000000082b674d8,0x0000000086700000)
 Metaspace       used 21551K, capacity 21926K, committed 22192K, reserved 1069056K
  class space    used 2569K, capacity 2711K, committed 2816K, reserved 1048576K
Event: 4.603 GC heap after
Heap after GC invocations=7 (full 1):
 PSYoungGen      total 96768K, used 6448K [0x00000000d5f00000, 0x00000000df400000, 0x0000000100000000)
  eden space 90112K, 0% used [0x00000000d5f00000,0x00000000d5f00000,0x00000000db700000)
  from space 6656K, 96% used [0x00000000ded80000,0x00000000df3cc218,0x00000000df400000)
  to   space 12800K, 0% used [0x00000000ddb00000,0x00000000ddb00000,0x00000000de780000)
 ParOldGen       total 76800K, used 15781K [0x0000000081c00000, 0x0000000086700000, 0x00000000d5f00000)
  object space 76800K, 20% used [0x0000000081c00000,0x0000000082b694d8,0x0000000086700000)
 Metaspace       used 21551K, capacity 21926K, committed 22192K, reserved 1069056K
  class space    used 2569K, capacity 2711K, committed 2816K, reserved 1048576K
}
Event: 5.615 GC heap before
{Heap before GC invocations=8 (full 1):
 PSYoungGen      total 96768K, used 96560K [0x00000000d5f00000, 0x00000000df400000, 0x0000000100000000)
  eden space 90112K, 100% used [0x00000000d5f00000,0x00000000db700000,0x00000000db700000)
  from space 6656K, 96% used [0x00000000ded80000,0x00000000df3cc218,0x00000000df400000)
  to   space 12800K, 0% used [0x00000000ddb00000,0x00000000ddb00000,0x00000000de780000)
 ParOldGen       total 76800K, used 15781K [0x0000000081c00000, 0x0000000086700000, 0x00000000d5f00000)
  object space 76800K, 20% used [0x0000000081c00000,0x0000000082b694d8,0x0000000086700000)
 Metaspace       used 23494K, capacity 24086K, committed 24448K, reserved 1071104K
  class space    used 2727K, capacity 2921K, committed 2944K, reserved 1048576K
Event: 5.623 GC heap after
Heap after GC invocations=8 (full 1):
 PSYoungGen      total 132608K, used 12702K [0x00000000d5f00000, 0x00000000df000000, 0x0000000100000000)
  eden space 119808K, 0% used [0x00000000d5f00000,0x00000000d5f00000,0x00000000dd400000)
  from space 12800K, 99% used [0x00000000ddb00000,0x00000000de767890,0x00000000de780000)
  to   space 8704K, 0% used [0x00000000de780000,0x00000000de780000,0x00000000df000000)
 ParOldGen       total 76800K, used 15789K [0x0000000081c00000, 0x0000000086700000, 0x00000000d5f00000)
  object space 76800K, 20% used [0x0000000081c00000,0x0000000082b6b4d8,0x0000000086700000)
 Metaspace       used 23494K, capacity 24086K, committed 24448K, reserved 1071104K
  class space    used 2727K, capacity 2921K, committed 2944K, reserved 1048576K
}

Deoptimization events (10 events):
Event: 5.891 Thread 0x0000000002bb2800 Uncommon trap: reason=unstable_if action=reinterpret pc=0x000000000316f364 method=com.google.inject.internal.MoreTypes.canonicalize(Ljava/lang/reflect/Type;)Ljava/lang/reflect/Type; @ 16
Event: 5.891 Thread 0x0000000002bb2800 Uncommon trap: reason=class_check action=maybe_recompile pc=0x000000000315d8ac method=com.google.inject.internal.MoreTypes.getRawType(Ljava/lang/reflect/Type;)Ljava/lang/Class; @ 13
Event: 5.891 Thread 0x0000000002bb2800 Uncommon trap: reason=unstable_if action=reinterpret pc=0x000000000316a18c method=com.google.inject.internal.MoreTypes.canonicalize(Ljava/lang/reflect/Type;)Ljava/lang/reflect/Type; @ 16
Event: 5.891 Thread 0x0000000002bb2800 Uncommon trap: reason=class_check action=maybe_recompile pc=0x000000000315d8ac method=com.google.inject.internal.MoreTypes.getRawType(Ljava/lang/reflect/Type;)Ljava/lang/Class; @ 13
Event: 5.892 Thread 0x0000000002bb2800 Uncommon trap: reason=class_check action=maybe_recompile pc=0x000000000315d8ac method=com.google.inject.internal.MoreTypes.getRawType(Ljava/lang/reflect/Type;)Ljava/lang/Class; @ 13
Event: 5.892 Thread 0x0000000002bb2800 Uncommon trap: reason=class_check action=maybe_recompile pc=0x000000000315d8ac method=com.google.inject.internal.MoreTypes.getRawType(Ljava/lang/reflect/Type;)Ljava/lang/Class; @ 13
Event: 5.975 Thread 0x0000000002bb2800 Uncommon trap: reason=class_check action=maybe_recompile pc=0x0000000002ea8eac method=sun.misc.URLClassPath.getLoader(I)Lsun/misc/URLClassPath$Loader; @ 94
Event: 5.982 Thread 0x0000000002bb2800 Uncommon trap: reason=unstable_if action=reinterpret pc=0x00000000035d13c0 method=sun.misc.URLClassPath$JarLoader.getResource(Ljava/lang/String;Z)Lsun/misc/Resource; @ 62
Event: 5.995 Thread 0x000000001c9d8000 Uncommon trap: reason=class_check action=maybe_recompile pc=0x0000000002ea8eac method=sun.misc.URLClassPath.getLoader(I)Lsun/misc/URLClassPath$Loader; @ 94
Event: 5.995 Thread 0x000000001c9d8000 Uncommon trap: reason=unstable_if action=reinterpret pc=0x0000000002e7bfa0 method=java.io.WinNTFileSystem.parentOrNull(Ljava/lang/String;)Ljava/lang/String; @ 96

Classes redefined (0 events):
No events

Internal exceptions (10 events):
Event: 5.850 Thread 0x0000000002bb2800 Exception <a 'java/lang/NoClassDefFoundError': org/sonatype/aether/installation/InstallationException> (0x00000000d89fcee8) thrown at [C:\re\workspace\8-2-build-windows-amd64-cygwin\jdk8u191\11896\hotspot\src\share\vm\classfile\systemDictionary.cpp, line 
Event: 5.851 Thread 0x0000000002bb2800 Exception <a 'java/lang/NoClassDefFoundError': org/sonatype/aether/artifact/Artifact> (0x00000000d8a1c078) thrown at [C:\re\workspace\8-2-build-windows-amd64-cygwin\jdk8u191\11896\hotspot\src\share\vm\classfile\systemDictionary.cpp, line 199]
Event: 5.863 Thread 0x0000000002bb2800 Exception <a 'java/lang/NoClassDefFoundError': org/sonatype/aether/artifact/Artifact> (0x00000000d8c2b540) thrown at [C:\re\workspace\8-2-build-windows-amd64-cygwin\jdk8u191\11896\hotspot\src\share\vm\classfile\systemDictionary.cpp, line 199]
Event: 5.867 Thread 0x0000000002bb2800 Exception <a 'java/lang/NoClassDefFoundError': org/sonatype/aether/graph/DependencyNode> (0x00000000d8cd5d40) thrown at [C:\re\workspace\8-2-build-windows-amd64-cygwin\jdk8u191\11896\hotspot\src\share\vm\classfile\systemDictionary.cpp, line 199]
Event: 5.872 Thread 0x0000000002bb2800 Exception <a 'java/lang/NoClassDefFoundError': org/sonatype/aether/collection/DependencyCollectionException> (0x00000000d8d8b410) thrown at [C:\re\workspace\8-2-build-windows-amd64-cygwin\jdk8u191\11896\hotspot\src\share\vm\classfile\systemDictionary.cpp,
Event: 5.877 Thread 0x0000000002bb2800 Exception <a 'java/lang/NoClassDefFoundError': org/sonatype/aether/resolution/ArtifactDescriptorException> (0x00000000d8e43078) thrown at [C:\re\workspace\8-2-build-windows-amd64-cygwin\jdk8u191\11896\hotspot\src\share\vm\classfile\systemDictionary.cpp, l
Event: 5.881 Thread 0x0000000002bb2800 Exception <a 'java/lang/NoClassDefFoundError': org/sonatype/aether/resolution/ArtifactResolutionException> (0x00000000d8eeee60) thrown at [C:\re\workspace\8-2-build-windows-amd64-cygwin\jdk8u191\11896\hotspot\src\share\vm\classfile\systemDictionary.cpp, l
Event: 5.886 Thread 0x0000000002bb2800 Exception <a 'java/lang/NoClassDefFoundError': org/sonatype/aether/deployment/DeploymentException> (0x00000000d8f75070) thrown at [C:\re\workspace\8-2-build-windows-amd64-cygwin\jdk8u191\11896\hotspot\src\share\vm\classfile\systemDictionary.cpp, line 199]
Event: 5.898 Thread 0x0000000002bb2800 Exception <a 'java/lang/NoSuchMethodError': java.lang.Object.lambda$comparing$77a9974f$1(Ljava/util/function/Function;Ljava/lang/Object;Ljava/lang/Object;)I> (0x00000000d90882b0) thrown at [C:\re\workspace\8-2-build-windows-amd64-cygwin\jdk8u191\11896\hot
Event: 6.246 Thread 0x000000001c9d8000 Exception <a 'pt/gov/cartaodecidadao/PTEID_ExNoReader'> (0x00000000d95d4498) thrown at [C:\re\workspace\8-2-build-windows-amd64-cygwin\jdk8u191\11896\hotspot\src\share\vm\prims\jni.cpp, line 709]

Events (10 events):
Event: 6.258 loading class java/util/Formatter$DateTime done
Event: 6.262 Thread 0x000000001bf58000 Thread added: 0x000000001bf58000
Event: 6.262 Thread 0x000000001b220000 Thread added: 0x000000001b220000
Event: 6.263 Thread 0x000000001bf58000 Thread exited: 0x000000001bf58000
Event: 6.264 Executing VM operation: RevokeBias
Event: 6.264 Executing VM operation: RevokeBias done
Event: 6.264 Executing VM operation: RevokeBias
Event: 6.264 Executing VM operation: RevokeBias done
Event: 6.264 Thread 0x000000001b220000 Thread exited: 0x000000001b220000
Event: 6.264 Executing VM operation: Exit


Dynamic libraries:
0x00007ff669a00000 - 0x00007ff669a37000 	C:\Program Files\Java\jdk1.8.0_191\bin\java.exe
0x00007ffe25e40000 - 0x00007ffe26021000 	C:\WINDOWS\SYSTEM32\ntdll.dll
0x00007ffe23380000 - 0x00007ffe23431000 	C:\WINDOWS\System32\KERNEL32.DLL
0x00007ffe22d60000 - 0x00007ffe22fd3000 	C:\WINDOWS\System32\KERNELBASE.dll
0x00007ffe232d0000 - 0x00007ffe23371000 	C:\WINDOWS\System32\ADVAPI32.dll
0x00007ffe25d70000 - 0x00007ffe25e0e000 	C:\WINDOWS\System32\msvcrt.dll
0x00007ffe23d10000 - 0x00007ffe23d6b000 	C:\WINDOWS\System32\sechost.dll
0x00007ffe240a0000 - 0x00007ffe241c4000 	C:\WINDOWS\System32\RPCRT4.dll
0x00007ffe23640000 - 0x00007ffe237d0000 	C:\WINDOWS\System32\USER32.dll
0x00007ffe230d0000 - 0x00007ffe230f0000 	C:\WINDOWS\System32\win32u.dll
0x00007ffe25d40000 - 0x00007ffe25d68000 	C:\WINDOWS\System32\GDI32.dll
0x00007ffe22400000 - 0x00007ffe22592000 	C:\WINDOWS\System32\gdi32full.dll
0x00007ffe22fe0000 - 0x00007ffe2307f000 	C:\WINDOWS\System32\msvcp_win.dll
0x00007ffe230f0000 - 0x00007ffe231e8000 	C:\WINDOWS\System32\ucrtbase.dll
0x00007ffe12e20000 - 0x00007ffe13089000 	C:\WINDOWS\WinSxS\amd64_microsoft.windows.common-controls_6595b64144ccf1df_6.0.17134.706_none_fb43a2cb30647007\COMCTL32.dll
0x00007ffe239e0000 - 0x00007ffe23d02000 	C:\WINDOWS\System32\combase.dll
0x00007ffe23250000 - 0x00007ffe232ca000 	C:\WINDOWS\System32\bcryptPrimitives.dll
0x00007ffe24240000 - 0x00007ffe2426d000 	C:\WINDOWS\System32\IMM32.DLL
0x0000000074250000 - 0x0000000074322000 	C:\Program Files\Java\jdk1.8.0_191\jre\bin\msvcr100.dll
0x00000000721c0000 - 0x0000000072a64000 	C:\Program Files\Java\jdk1.8.0_191\jre\bin\server\jvm.dll
0x00007ffe24270000 - 0x00007ffe24278000 	C:\WINDOWS\System32\PSAPI.DLL
0x00007ffe15db0000 - 0x00007ffe15db9000 	C:\WINDOWS\SYSTEM32\WSOCK32.dll
0x00007ffe16e80000 - 0x00007ffe16ea3000 	C:\WINDOWS\SYSTEM32\WINMM.dll
0x00007ffe168d0000 - 0x00007ffe168da000 	C:\WINDOWS\SYSTEM32\VERSION.dll
0x00007ffe241d0000 - 0x00007ffe2423c000 	C:\WINDOWS\System32\WS2_32.dll
0x00007ffe16cb0000 - 0x00007ffe16cda000 	C:\WINDOWS\SYSTEM32\winmmbase.dll
0x00007ffe23080000 - 0x00007ffe230c9000 	C:\WINDOWS\System32\cfgmgr32.dll
0x0000000074240000 - 0x000000007424f000 	C:\Program Files\Java\jdk1.8.0_191\jre\bin\verify.dll
0x0000000074210000 - 0x0000000074239000 	C:\Program Files\Java\jdk1.8.0_191\jre\bin\java.dll
0x00000000741f0000 - 0x0000000074206000 	C:\Program Files\Java\jdk1.8.0_191\jre\bin\zip.dll
0x00007ffe24280000 - 0x00007ffe256c0000 	C:\WINDOWS\System32\SHELL32.dll
0x00007ffe237d0000 - 0x00007ffe23879000 	C:\WINDOWS\System32\shcore.dll
0x00007ffe22650000 - 0x00007ffe22d5d000 	C:\WINDOWS\System32\windows.storage.dll
0x00007ffe25790000 - 0x00007ffe257e1000 	C:\WINDOWS\System32\shlwapi.dll
0x00007ffe221b0000 - 0x00007ffe221c1000 	C:\WINDOWS\System32\kernel.appcore.dll
0x00007ffe221d0000 - 0x00007ffe221ef000 	C:\WINDOWS\System32\profapi.dll
0x00007ffe22160000 - 0x00007ffe221ac000 	C:\WINDOWS\System32\powrprof.dll
0x00007ffe22150000 - 0x00007ffe2215a000 	C:\WINDOWS\System32\FLTLIB.DLL
0x00007ffe1d9e0000 - 0x00007ffe1d9ea000 	C:\Maven\apache-maven-3.6.0\lib\jansi-native\windows64\jansi.dll
0x00000000741d0000 - 0x00000000741ea000 	C:\Program Files\Java\jdk1.8.0_191\jre\bin\net.dll
0x00007ffe219d0000 - 0x00007ffe21a36000 	C:\WINDOWS\system32\mswsock.dll
0x00000000741b0000 - 0x00000000741c1000 	C:\Program Files\Java\jdk1.8.0_191\jre\bin\nio.dll
0x0000000074180000 - 0x00000000741a4000 	C:\Program Files\Java\jdk1.8.0_191\jre\bin\sunec.dll
0x00007ffe21750000 - 0x00007ffe21788000 	C:\WINDOWS\SYSTEM32\IPHLPAPI.DLL
0x00007ffe23e90000 - 0x00007ffe23e98000 	C:\WINDOWS\System32\NSI.dll
0x00007ffe1c110000 - 0x00007ffe1c126000 	C:\WINDOWS\SYSTEM32\dhcpcsvc6.DLL
0x00007ffe1bfb0000 - 0x00007ffe1bfca000 	C:\WINDOWS\SYSTEM32\dhcpcsvc.DLL
0x00007ffe21b90000 - 0x00007ffe21ba7000 	C:\WINDOWS\SYSTEM32\CRYPTSP.dll
0x00007ffe215b0000 - 0x00007ffe215e3000 	C:\WINDOWS\system32\rsaenh.dll
0x00007ffe21cb0000 - 0x00007ffe21cd5000 	C:\WINDOWS\SYSTEM32\bcrypt.dll
0x00007ffe22050000 - 0x00007ffe22078000 	C:\WINDOWS\SYSTEM32\USERENV.dll
0x00007ffe21b80000 - 0x00007ffe21b8b000 	C:\WINDOWS\SYSTEM32\CRYPTBASE.dll
0x00007ffe21790000 - 0x00007ffe2184e000 	C:\WINDOWS\SYSTEM32\DNSAPI.dll
0x00007ffe196b0000 - 0x00007ffe196ba000 	C:\Windows\System32\rasadhlp.dll
0x00007ffe197e0000 - 0x00007ffe19852000 	C:\WINDOWS\System32\fwpuclnt.dll
0x0000000074170000 - 0x000000007417b000 	C:\Program Files\Java\jdk1.8.0_191\jre\bin\sunmscapi.dll
0x00007ffe22210000 - 0x00007ffe223f2000 	C:\WINDOWS\System32\CRYPT32.dll
0x00007ffe221f0000 - 0x00007ffe22202000 	C:\WINDOWS\System32\MSASN1.dll
0x0000000180000000 - 0x000000018007e000 	C:\Windows\System32\pteidlibj.dll
0x00007ffe15090000 - 0x00007ffe15136000 	C:\WINDOWS\SYSTEM32\MSVCP120.dll
0x00007ffe15e00000 - 0x00007ffe15eef000 	C:\WINDOWS\SYSTEM32\MSVCR120.dll
0x0000000001260000 - 0x00000000012e2000 	C:\WINDOWS\SYSTEM32\pteidapplayer.dll
0x0000000001220000 - 0x0000000001243000 	C:\WINDOWS\SYSTEM32\pteidcommon.dll
0x00007ffe0deb0000 - 0x00007ffe0df0a000 	C:\WINDOWS\SYSTEM32\SSLEAY32.dll
0x00007ffe10660000 - 0x00007ffe106af000 	C:\WINDOWS\SYSTEM32\libcurl.dll
0x00007ffe23440000 - 0x00007ffe2349f000 	C:\WINDOWS\System32\WLDAP32.dll
0x00007ffdecec0000 - 0x00007ffded0c5000 	C:\WINDOWS\SYSTEM32\LIBEAY32.dll
0x00007ffe0c210000 - 0x00007ffe0c25a000 	C:\WINDOWS\SYSTEM32\openjp2.dll
0x00007ffe075c0000 - 0x00007ffe07605000 	C:\WINDOWS\SYSTEM32\libpng16.dll
0x00007ffe105a0000 - 0x00007ffe105c7000 	C:\WINDOWS\SYSTEM32\libzip.dll
0x0000000020850000 - 0x0000000020ab1000 	C:\WINDOWS\SYSTEM32\xerces-c_3_1.dll
0x0000000020ac0000 - 0x0000000020ba3000 	C:\WINDOWS\SYSTEM32\pteid-poppler.dll
0x000000001f0e0000 - 0x000000001f117000 	C:\WINDOWS\SYSTEM32\pteidcardlayer.dll
0x0000000020bb0000 - 0x0000000020c9a000 	C:\WINDOWS\SYSTEM32\xsec_1_7.dll
0x00007ffe14e50000 - 0x00007ffe14e91000 	C:\WINDOWS\SYSTEM32\WinSCard.dll
0x00007ffe21f60000 - 0x00007ffe21f87000 	C:\WINDOWS\SYSTEM32\DEVOBJ.dll
0x0000000020cc0000 - 0x0000000020cf1000 	C:\WINDOWS\SYSTEM32\pteidDlgsWin32.dll
0x00007ffe212e0000 - 0x00007ffe21336000 	C:\WINDOWS\SYSTEM32\WINSTA.dll
0x00007ffe20a40000 - 0x00007ffe20c09000 	C:\WINDOWS\SYSTEM32\dbghelp.dll

VM Arguments:
jvm_args: -Dclassworlds.conf=C:\Maven\apache-maven-3.6.0\bin\..\bin\m2.conf -Dmaven.home=C:\Maven\apache-maven-3.6.0\bin\.. -Dlibrary.jansi.path=C:\Maven\apache-maven-3.6.0\bin\..\lib\jansi-native -Dmaven.multiModuleProjectDirectory=C:\GitHub\Highly-Dependable-Systems\hds\server 
java_command: org.codehaus.plexus.classworlds.launcher.Launcher spring-boot:run -Dspring-boot.run.arguments=8010 -Pwindows
java_class_path (initial): C:\Maven\apache-maven-3.6.0\bin\..\boot\plexus-classworlds-2.5.2.jar
Launcher Type: SUN_STANDARD

Environment Variables:
JAVA_HOME=C:\Program Files\Java\jdk1.8.0_191
JRE_HOME=C:\Program Files\Java\jdk1.8.0_191\jre
CLASSPATH=C:\Program Files\Portugal Identity Card
PATH=C:\WINDOWS\system32;C:\WINDOWS;C:\WINDOWS\System32\Wbem;C:\WINDOWS\System32\WindowsPowerShell\v1.0\;C:\WINDOWS\System32\OpenSSH\;C:\Maven\apache-maven-3.6.0\bin;C:\Program Files\Java\jdk1.8.0_191\bin;C:\Program Files (x86)\Common Files\Oracle\Java\javapath;C:\Program Files\Common Files\Intel\WirelessCommon\;C:\Program Files\Python37\;C:\Program Files\Python37\Scripts\;C:\Python27\;C:\Python27\Scripts;C:\Program Files\Intel\WiFi\bin\;C:\ProgramData\Boxstarter;C:\Program Files\nodejs\;C:\ProgramData\chocolatey\bin;C:\Program Files\dotnet\;C:\Program Files\Microsoft SQL Server\130\Tools\Binn\;C:\PostgreSQL\pg11\bin;C:\PHP;C:\Program Files\Apache24;C:\Program Files\Apache24\bin;C:\Program Files\Git\cmd;C:\Program Files\Portugal Identity Card;C:\Program Files\MATLAB\R2017b\runtime\win64;C:\Program Files\MATLAB\R2017b\bin;C:\Users\FranciscoKlogan\AppData\Local\Microsoft\WindowsApps;C:\Users\FranciscoKlogan\AppData\Local\GitHubDesktop\bin;C:\Users\FranciscoKlogan\AppData\Roaming\npm;C:\Maven\apache-maven-3.6.0\bin;C:\Program Files\JetBrains\PyCharm\bin;;C:\Program Files\JetBrains\PhpStorm\bin;;C:\Program Files\JetBrains\IntelliJ\bin;;C:\Program Files\heroku\bin
USERNAME=FranciscoKlogan
OS=Windows_NT
PROCESSOR_IDENTIFIER=Intel64 Family 6 Model 142 Stepping 10, GenuineIntel



---------------  S Y S T E M  ---------------

OS: Windows 10.0 , 64 bit Build 17134 (10.0.17134.706)

CPU:total 8 (initial active 8) (4 cores per cpu, 2 threads per core) family 6 model 142 stepping 10, cmov, cx8, fxsr, mmx, sse, sse2, sse3, ssse3, sse4.1, sse4.2, popcnt, avx, avx2, aes, clmul, erms, 3dnowpref, lzcnt, ht, tsc, tscinvbit, bmi1, bmi2, adx

Memory: 4k page, physical 8268668k(2866756k free), swap 9980536k(1946080k free)

vm_info: Java HotSpot(TM) 64-Bit Server VM (25.191-b12) for windows-amd64 JRE (1.8.0_191-b12), built on Oct  6 2018 09:29:03 by "java_re" with MS VC++ 10.0 (VS2010)

time: Fri Apr 12 14:04:34 2019
elapsed time: 6 seconds (0d 0h 0m 6s)

